(multilingual-typology-probing) [landonia02]s2308470: python run.py --language UD_English --attribute POS --trainer poisson --gpu --embedding bloom-560m greedy --selection-size 50 --selection-criterion mi
Setting up datasets (['UD_English'], POS) and probes...
100%|███████████████████████████████████████████████████████████████████████████████████████| 202541/202541 [00:08<00:00, 24433.07it/s]
100%|█████████████████████████████████████████████████████████████████████████████████████████| 15220/15220 [00:01<00:00, 14181.28it/s]
100%|█████████████████████████████████████████████████████████████████████████████████████████| 37068/37068 [00:00<00:00, 39013.72it/s]
Embedding dimensionality: 1024
Pre-training probe (if possible)...
Total dataset size: 174226
Actual train dataset size: 156803
Early stopping dataset size: 17423
Training flexible neural probe:   1%|       | 50/5000 [06:05<10:00:02,  7.27s/it, epochs_no_improve=49, loss_true=-4.54, temperature=1]Early stopping!
Probing through greedy dimension selection...                                                                                          
Iteration #0
	Dimensions selected so far: []
	Picking next dimension...
100%|██████████████████████████████████████████████████████████████████████████████████████████████| 1024/1024 [03:22<00:00,  5.07it/s]
	Selected dimension: 147
	Iteration results: {'mi': -0.985438651597249, 'accuracy': 0.15618181145752433}

Iteration #1
	Dimensions selected so far: [147]
	Picking next dimension...
100%|██████████████████████████████████████████████████████████████████████████████████████████████| 1023/1023 [03:12<00:00,  5.31it/s]
	Selected dimension: 1005
	Iteration results: {'mi': -0.9465194705867436, 'accuracy': 0.18746995081179038}

Iteration #2
	Dimensions selected so far: [147, 1005]
	Picking next dimension...
100%|██████████████████████████████████████████████████████████████████████████████████████████████| 1022/1022 [03:11<00:00,  5.33it/s]
	Selected dimension: 657
	Iteration results: {'mi': -0.8536106990037147, 'accuracy': 0.21158326861200488}

Iteration #3
	Dimensions selected so far: [147, 1005, 657]
	Picking next dimension...
100%|██████████████████████████████████████████████████████████████████████████████████████████████| 1021/1021 [03:23<00:00,  5.01it/s]
	Selected dimension: 67
	Iteration results: {'mi': -0.8284374629685497, 'accuracy': 0.19150116498391212}

Iteration #4
	Dimensions selected so far: [147, 1005, 657, 67]
	Picking next dimension...
100%|██████████████████████████████████████████████████████████████████████████████████████████████| 1020/1020 [03:07<00:00,  5.44it/s]
	Selected dimension: 854
	Iteration results: {'mi': -0.7987377870600403, 'accuracy': 0.2148378268427087}

Iteration #5
	Dimensions selected so far: [147, 1005, 657, 67, 854]
	Picking next dimension...
100%|██████████████████████████████████████████████████████████████████████████████████████████████| 1019/1019 [03:06<00:00,  5.47it/s]
	Selected dimension: 58
	Iteration results: {'mi': -0.7257165537115798, 'accuracy': 0.22319612411701617}

Iteration #6
	Dimensions selected so far: [147, 1005, 657, 67, 854, 58]
	Picking next dimension...
100%|██████████████████████████████████████████████████████████████████████████████████████████████| 1018/1018 [03:06<00:00,  5.45it/s]
	Selected dimension: 786
	Iteration results: {'mi': -0.7086410770828556, 'accuracy': 0.2240097636746921}

Iteration #7
	Dimensions selected so far: [147, 1005, 657, 67, 854, 58, 786]
	Picking next dimension...
100%|██████████████████████████████████████████████████████████████████████████████████████████████| 1017/1017 [03:15<00:00,  5.19it/s]
	Selected dimension: 734
	Iteration results: {'mi': -0.6816829574862133, 'accuracy': 0.22179074669921225}

Iteration #8
	Dimensions selected so far: [147, 1005, 657, 67, 854, 58, 786, 734]
	Picking next dimension...
100%|██████████████████████████████████████████████████████████████████████████████████████████████| 1016/1016 [03:10<00:00,  5.33it/s]
	Selected dimension: 619
	Iteration results: {'mi': -0.677652900755972, 'accuracy': 0.22922445356706977}

Iteration #9
	Dimensions selected so far: [147, 1005, 657, 67, 854, 58, 786, 734, 619]
	Picking next dimension...
100%|██████████████████████████████████████████████████████████████████████████████████████████████| 1015/1015 [03:21<00:00,  5.03it/s]
	Selected dimension: 656
	Iteration results: {'mi': -0.624307948495171, 'accuracy': 0.23891416102666518}

Iteration #10
	Dimensions selected so far: [147, 1005, 657, 67, 854, 58, 786, 734, 619, 656]
	Picking next dimension...
100%|██████████████████████████████████████████████████████████████████████████████████████████████| 1014/1014 [03:09<00:00,  5.34it/s]
	Selected dimension: 537
	Iteration results: {'mi': -0.7160894115796341, 'accuracy': 0.2175746144458005}

Iteration #11
	Dimensions selected so far: [147, 1005, 657, 67, 854, 58, 786, 734, 619, 656, 537]
	Picking next dimension...
100%|██████████████████████████████████████████████████████████████████████████████████████████████| 1013/1013 [03:13<00:00,  5.24it/s]
	Selected dimension: 95
	Iteration results: {'mi': -0.6136942497175907, 'accuracy': 0.25085986907799845}

Iteration #12
	Dimensions selected so far: [147, 1005, 657, 67, 854, 58, 786, 734, 619, 656, 537, 95]
	Picking next dimension...
100%|██████████████████████████████████████████████████████████████████████████████████████████████| 1012/1012 [03:11<00:00,  5.28it/s]
	Selected dimension: 727
	Iteration results: {'mi': -0.538692270394659, 'accuracy': 0.26535744665113353}

Iteration #13
	Dimensions selected so far: [147, 1005, 657, 67, 854, 58, 786, 734, 619, 656, 537, 95, 727]
	Picking next dimension...
100%|██████████████████████████████████████████████████████████████████████████████████████████████| 1011/1011 [03:11<00:00,  5.29it/s]
	Selected dimension: 342
	Iteration results: {'mi': -0.466841036823686, 'accuracy': 0.2886941085099301}

Iteration #14
	Dimensions selected so far: [147, 1005, 657, 67, 854, 58, 786, 734, 619, 656, 537, 95, 727, 342]
	Picking next dimension...
100%|██████████████████████████████████████████████████████████████████████████████████████████████| 1010/1010 [03:09<00:00,  5.32it/s]
	Selected dimension: 190
	Iteration results: {'mi': -0.4684484281588571, 'accuracy': 0.27926328636414066}

Iteration #15
	Dimensions selected so far: [147, 1005, 657, 67, 854, 58, 786, 734, 619, 656, 537, 95, 727, 342, 190]
	Picking next dimension...
100%|██████████████████████████████████████████████████████████████████████████████████████████████| 1009/1009 [03:19<00:00,  5.06it/s]
	Selected dimension: 471
	Iteration results: {'mi': -0.4062355916933638, 'accuracy': 0.30075076741003737}

Iteration #16
	Dimensions selected so far: [147, 1005, 657, 67, 854, 58, 786, 734, 619, 656, 537, 95, 727, 342, 190, 471]
	Picking next dimension...
100%|██████████████████████████████████████████████████████████████████████████████████████████████| 1008/1008 [03:11<00:00,  5.27it/s]
	Selected dimension: 603
	Iteration results: {'mi': -0.3491745576536665, 'accuracy': 0.32323680609489996}

Iteration #17
	Dimensions selected so far: [147, 1005, 657, 67, 854, 58, 786, 734, 619, 656, 537, 95, 727, 342, 190, 471, 603]
	Picking next dimension...
100%|██████████████████████████████████████████████████████████████████████████████████████████████| 1007/1007 [03:13<00:00,  5.20it/s]
	Selected dimension: 37
	Iteration results: {'mi': -0.4035528975994047, 'accuracy': 0.3082584415104109}

Iteration #18
	Dimensions selected so far: [147, 1005, 657, 67, 854, 58, 786, 734, 619, 656, 537, 95, 727, 342, 190, 471, 603, 37]
	Picking next dimension...
100%|██████████████████████████████████████████████████████████████████████████████████████████████| 1006/1006 [03:21<00:00,  5.00it/s]
	Selected dimension: 770
	Iteration results: {'mi': -0.42929638562695893, 'accuracy': 0.31228965568253264}

Iteration #19
	Dimensions selected so far: [147, 1005, 657, 67, 854, 58, 786, 734, 619, 656, 537, 95, 727, 342, 190, 471, 603, 37, 770]
	Picking next dimension...
100%|██████████████████████████████████████████████████████████████████████████████████████████████| 1005/1005 [03:19<00:00,  5.05it/s]
	Selected dimension: 903
	Iteration results: {'mi': -0.4100224375012612, 'accuracy': 0.3047080143496431}

Iteration #20
	Dimensions selected so far: [147, 1005, 657, 67, 854, 58, 786, 734, 619, 656, 537, 95, 727, 342, 190, 471, 603, 37, 770, 903]
	Picking next dimension...
100%|██████████████████████████████████████████████████████████████████████████████████████████████| 1004/1004 [03:10<00:00,  5.27it/s]
	Selected dimension: 273
	Iteration results: {'mi': -0.40607996257656614, 'accuracy': 0.3013425052701653}

Iteration #21
	Dimensions selected so far: [147, 1005, 657, 67, 854, 58, 786, 734, 619, 656, 537, 95, 727, 342, 190, 471, 603, 37, 770, 903, 273]
	Picking next dimension...
100%|██████████████████████████████████████████████████████████████████████████████████████████████| 1003/1003 [03:12<00:00,  5.20it/s]
	Selected dimension: 732
	Iteration results: {'mi': -0.4420296417192632, 'accuracy': 0.2986427012833315}

Iteration #22
	Dimensions selected so far: [147, 1005, 657, 67, 854, 58, 786, 734, 619, 656, 537, 95, 727, 342, 190, 471, 603, 37, 770, 903, 273, 732]
	Picking next dimension...
100%|██████████████████████████████████████████████████████████████████████████████████████████████| 1002/1002 [03:13<00:00,  5.18it/s]
	Selected dimension: 22
	Iteration results: {'mi': -0.4346029115969695, 'accuracy': 0.2948333888087577}

Iteration #23
	Dimensions selected so far: [147, 1005, 657, 67, 854, 58, 786, 734, 619, 656, 537, 95, 727, 342, 190, 471, 603, 37, 770, 903, 273, 732, 22]
	Picking next dimension...
100%|██████████████████████████████████████████████████████████████████████████████████████████████| 1001/1001 [03:27<00:00,  4.83it/s]
	Selected dimension: 818
	Iteration results: {'mi': -0.49041218559166744, 'accuracy': 0.28506971411664633}

Iteration #24
	Dimensions selected so far: [147, 1005, 657, 67, 854, 58, 786, 734, 619, 656, 537, 95, 727, 342, 190, 471, 603, 37, 770, 903, 273, 732, 22, 818]
	Picking next dimension...
100%|██████████████████████████████████████████████████████████████████████████████████████████████| 1000/1000 [03:15<00:00,  5.11it/s]
	Selected dimension: 558
	Iteration results: {'mi': -0.5766818164647586, 'accuracy': 0.2702392839971893}

Iteration #25
	Dimensions selected so far: [147, 1005, 657, 67, 854, 58, 786, 734, 619, 656, 537, 95, 727, 342, 190, 471, 603, 37, 770, 903, 273, 732, 22, 818, 558]
	Picking next dimension...
100%|████████████████████████████████████████████████████████████████████████████████████████████████| 999/999 [03:04<00:00,  5.42it/s]
	Selected dimension: 533
	Iteration results: {'mi': -0.6362582724055473, 'accuracy': 0.2640260364658456}

Iteration #26
	Dimensions selected so far: [147, 1005, 657, 67, 854, 58, 786, 734, 619, 656, 537, 95, 727, 342, 190, 471, 603, 37, 770, 903, 273, 732, 22, 818, 558, 533]
	Picking next dimension...
100%|████████████████████████████████████████████████████████████████████████████████████████████████| 998/998 [03:21<00:00,  4.94it/s]
	Selected dimension: 655
	Iteration results: {'mi': -0.6379582908792282, 'accuracy': 0.2659122008950035}

Iteration #27
	Dimensions selected so far: [147, 1005, 657, 67, 854, 58, 786, 734, 619, 656, 537, 95, 727, 342, 190, 471, 603, 37, 770, 903, 273, 732, 22, 818, 558, 533, 655]
	Picking next dimension...
100%|████████████████████████████████████████████████████████████████████████████████████████████████| 997/997 [03:13<00:00,  5.15it/s]
	Selected dimension: 879
	Iteration results: {'mi': -0.6274401946929308, 'accuracy': 0.2660231517437775}

Iteration #28
	Dimensions selected so far: [147, 1005, 657, 67, 854, 58, 786, 734, 619, 656, 537, 95, 727, 342, 190, 471, 603, 37, 770, 903, 273, 732, 22, 818, 558, 533, 655, 879]
	Picking next dimension...
100%|████████████████████████████████████████████████████████████████████████████████████████████████| 996/996 [03:25<00:00,  4.84it/s]
	Selected dimension: 585
	Iteration results: {'mi': -0.5627559212803863, 'accuracy': 0.28773253448722214}

Iteration #29
	Dimensions selected so far: [147, 1005, 657, 67, 854, 58, 786, 734, 619, 656, 537, 95, 727, 342, 190, 471, 603, 37, 770, 903, 273, 732, 22, 818, 558, 533, 655, 879, 585]
	Picking next dimension...
100%|████████████████████████████████████████████████████████████████████████████████████████████████| 995/995 [03:03<00:00,  5.41it/s]
	Selected dimension: 868
	Iteration results: {'mi': -0.5506880023017067, 'accuracy': 0.29442656902991976}

Iteration #30
	Dimensions selected so far: [147, 1005, 657, 67, 854, 58, 786, 734, 619, 656, 537, 95, 727, 342, 190, 471, 603, 37, 770, 903, 273, 732, 22, 818, 558, 533, 655, 879, 585, 868]
	Picking next dimension...
100%|████████████████████████████████████████████████████████████████████████████████████████████████| 994/994 [03:08<00:00,  5.28it/s]
	Selected dimension: 832
	Iteration results: {'mi': -0.5544215486947075, 'accuracy': 0.3021191612115833}

Iteration #31
	Dimensions selected so far: [147, 1005, 657, 67, 854, 58, 786, 734, 619, 656, 537, 95, 727, 342, 190, 471, 603, 37, 770, 903, 273, 732, 22, 818, 558, 533, 655, 879, 585, 868, 832]
	Picking next dimension...
100%|████████████████████████████████████████████████████████████████████████████████████████████████| 993/993 [03:04<00:00,  5.37it/s]
	Selected dimension: 776
	Iteration results: {'mi': -0.5326862542878862, 'accuracy': 0.3128444099264026}

Iteration #32
	Dimensions selected so far: [147, 1005, 657, 67, 854, 58, 786, 734, 619, 656, 537, 95, 727, 342, 190, 471, 603, 37, 770, 903, 273, 732, 22, 818, 558, 533, 655, 879, 585, 868, 832, 776]
	Picking next dimension...
100%|████████████████████████████████████████████████████████████████████████████████████████████████| 992/992 [03:00<00:00,  5.49it/s]
	Selected dimension: 456
	Iteration results: {'mi': -0.5172718565117655, 'accuracy': 0.30566958837235103}

Iteration #33
	Dimensions selected so far: [147, 1005, 657, 67, 854, 58, 786, 734, 619, 656, 537, 95, 727, 342, 190, 471, 603, 37, 770, 903, 273, 732, 22, 818, 558, 533, 655, 879, 585, 868, 832, 776, 456]
	Picking next dimension...
100%|████████████████████████████████████████████████████████████████████████████████████████████████| 991/991 [03:02<00:00,  5.43it/s]
	Selected dimension: 398
	Iteration results: {'mi': -0.5307910202387711, 'accuracy': 0.307074965790155}

Iteration #34
	Dimensions selected so far: [147, 1005, 657, 67, 854, 58, 786, 734, 619, 656, 537, 95, 727, 342, 190, 471, 603, 37, 770, 903, 273, 732, 22, 818, 558, 533, 655, 879, 585, 868, 832, 776, 456, 398]
	Picking next dimension...
100%|████████████████████████████████████████████████████████████████████████████████████████████████| 990/990 [03:08<00:00,  5.25it/s]
	Selected dimension: 897
	Iteration results: {'mi': -0.6199318336706375, 'accuracy': 0.2891009282887681}

Iteration #35
	Dimensions selected so far: [147, 1005, 657, 67, 854, 58, 786, 734, 619, 656, 537, 95, 727, 342, 190, 471, 603, 37, 770, 903, 273, 732, 22, 818, 558, 533, 655, 879, 585, 868, 832, 776, 456, 398, 897]
	Picking next dimension...
100%|████████████████████████████████████████████████████████████████████████████████████████████████| 989/989 [03:18<00:00,  4.98it/s]
	Selected dimension: 797
	Iteration results: {'mi': -0.6261858472976938, 'accuracy': 0.28506971411664633}

Iteration #36
	Dimensions selected so far: [147, 1005, 657, 67, 854, 58, 786, 734, 619, 656, 537, 95, 727, 342, 190, 471, 603, 37, 770, 903, 273, 732, 22, 818, 558, 533, 655, 879, 585, 868, 832, 776, 456, 398, 897, 797]
	Picking next dimension...
100%|████████████████████████████████████████████████████████████████████████████████████████████████| 988/988 [03:18<00:00,  4.98it/s]
	Selected dimension: 51
	Iteration results: {'mi': -0.5507093479411678, 'accuracy': 0.3050408668959651}

Iteration #37
	Dimensions selected so far: [147, 1005, 657, 67, 854, 58, 786, 734, 619, 656, 537, 95, 727, 342, 190, 471, 603, 37, 770, 903, 273, 732, 22, 818, 558, 533, 655, 879, 585, 868, 832, 776, 456, 398, 897, 797, 51]
	Picking next dimension...
100%|████████████████████████████████████████████████████████████████████████████████████████████████| 987/987 [03:03<00:00,  5.38it/s]
	Selected dimension: 646
	Iteration results: {'mi': -0.5708816240693947, 'accuracy': 0.30289581715300123}

Iteration #38
	Dimensions selected so far: [147, 1005, 657, 67, 854, 58, 786, 734, 619, 656, 537, 95, 727, 342, 190, 471, 603, 37, 770, 903, 273, 732, 22, 818, 558, 533, 655, 879, 585, 868, 832, 776, 456, 398, 897, 797, 51, 646]
	Picking next dimension...
100%|████████████████████████████████████████████████████████████████████████████████████████████████| 986/986 [03:09<00:00,  5.20it/s]
	Selected dimension: 97
	Iteration results: {'mi': -0.55968085552288, 'accuracy': 0.3107363437996967}

Iteration #39
	Dimensions selected so far: [147, 1005, 657, 67, 854, 58, 786, 734, 619, 656, 537, 95, 727, 342, 190, 471, 603, 37, 770, 903, 273, 732, 22, 818, 558, 533, 655, 879, 585, 868, 832, 776, 456, 398, 897, 797, 51, 646, 97]
	Picking next dimension...
100%|████████████████████████████████████████████████████████████████████████████████████████████████| 985/985 [03:03<00:00,  5.36it/s]
	Selected dimension: 310
	Iteration results: {'mi': -0.5009265301201202, 'accuracy': 0.3290062502311476}

Iteration #40
	Dimensions selected so far: [147, 1005, 657, 67, 854, 58, 786, 734, 619, 656, 537, 95, 727, 342, 190, 471, 603, 37, 770, 903, 273, 732, 22, 818, 558, 533, 655, 879, 585, 868, 832, 776, 456, 398, 897, 797, 51, 646, 97, 310]
	Picking next dimension...
100%|████████████████████████████████████████████████████████████████████████████████████████████████| 984/984 [03:10<00:00,  5.16it/s]
	Selected dimension: 629
	Iteration results: {'mi': -0.5044436446657378, 'accuracy': 0.33277857908946334}

Iteration #41
	Dimensions selected so far: [147, 1005, 657, 67, 854, 58, 786, 734, 619, 656, 537, 95, 727, 342, 190, 471, 603, 37, 770, 903, 273, 732, 22, 818, 558, 533, 655, 879, 585, 868, 832, 776, 456, 398, 897, 797, 51, 646, 97, 310, 629]
	Picking next dimension...
100%|████████████████████████████████████████████████████████████████████████████████████████████████| 983/983 [02:58<00:00,  5.50it/s]
	Selected dimension: 952
	Iteration results: {'mi': -0.5060414628050292, 'accuracy': 0.33255667739191536}

Iteration #42
	Dimensions selected so far: [147, 1005, 657, 67, 854, 58, 786, 734, 619, 656, 537, 95, 727, 342, 190, 471, 603, 37, 770, 903, 273, 732, 22, 818, 558, 533, 655, 879, 585, 868, 832, 776, 456, 398, 897, 797, 51, 646, 97, 310, 629, 952]
	Picking next dimension...
100%|████████████████████████████████████████████████████████████████████████████████████████████████| 982/982 [02:57<00:00,  5.53it/s]
	Selected dimension: 783
	Iteration results: {'mi': -0.5824398350512477, 'accuracy': 0.3186508376789082}

Iteration #43
	Dimensions selected so far: [147, 1005, 657, 67, 854, 58, 786, 734, 619, 656, 537, 95, 727, 342, 190, 471, 603, 37, 770, 903, 273, 732, 22, 818, 558, 533, 655, 879, 585, 868, 832, 776, 456, 398, 897, 797, 51, 646, 97, 310, 629, 952, 783]
	Picking next dimension...
100%|████████████████████████████████████████████████████████████████████████████████████████████████| 981/981 [02:58<00:00,  5.51it/s]
	Selected dimension: 472
	Iteration results: {'mi': -0.5407398993727746, 'accuracy': 0.3251969377565738}

Iteration #44
	Dimensions selected so far: [147, 1005, 657, 67, 854, 58, 786, 734, 619, 656, 537, 95, 727, 342, 190, 471, 603, 37, 770, 903, 273, 732, 22, 818, 558, 533, 655, 879, 585, 868, 832, 776, 456, 398, 897, 797, 51, 646, 97, 310, 629, 952, 783, 472]
	Picking next dimension...
100%|████████████████████████████████████████████████████████████████████████████████████████████████| 980/980 [02:59<00:00,  5.46it/s]
	Selected dimension: 924
	Iteration results: {'mi': -0.48284431551390716, 'accuracy': 0.33814120344687304}

Iteration #45
	Dimensions selected so far: [147, 1005, 657, 67, 854, 58, 786, 734, 619, 656, 537, 95, 727, 342, 190, 471, 603, 37, 770, 903, 273, 732, 22, 818, 558, 533, 655, 879, 585, 868, 832, 776, 456, 398, 897, 797, 51, 646, 97, 310, 629, 952, 783, 472, 924]
	Picking next dimension...
100%|████████████████████████████████████████████████████████████████████████████████████████████████| 979/979 [03:03<00:00,  5.32it/s]
	Selected dimension: 670
	Iteration results: {'mi': -0.4917744254918165, 'accuracy': 0.3374754983542291}

Iteration #46
	Dimensions selected so far: [147, 1005, 657, 67, 854, 58, 786, 734, 619, 656, 537, 95, 727, 342, 190, 471, 603, 37, 770, 903, 273, 732, 22, 818, 558, 533, 655, 879, 585, 868, 832, 776, 456, 398, 897, 797, 51, 646, 97, 310, 629, 952, 783, 472, 924, 670]
	Picking next dimension...
100%|████████████████████████████████████████████████████████████████████████████████████████████████| 978/978 [02:46<00:00,  5.88it/s]
	Selected dimension: 444
	Iteration results: {'mi': -0.5096372327978725, 'accuracy': 0.3433189097229927}

Iteration #47
	Dimensions selected so far: [147, 1005, 657, 67, 854, 58, 786, 734, 619, 656, 537, 95, 727, 342, 190, 471, 603, 37, 770, 903, 273, 732, 22, 818, 558, 533, 655, 879, 585, 868, 832, 776, 456, 398, 897, 797, 51, 646, 97, 310, 629, 952, 783, 472, 924, 670, 444]
	Picking next dimension...
100%|████████████████████████████████████████████████████████████████████████████████████████████████| 977/977 [03:00<00:00,  5.40it/s]
	Selected dimension: 46
	Iteration results: {'mi': -0.491411549620979, 'accuracy': 0.34498317245460264}

Iteration #48
	Dimensions selected so far: [147, 1005, 657, 67, 854, 58, 786, 734, 619, 656, 537, 95, 727, 342, 190, 471, 603, 37, 770, 903, 273, 732, 22, 818, 558, 533, 655, 879, 585, 868, 832, 776, 456, 398, 897, 797, 51, 646, 97, 310, 629, 952, 783, 472, 924, 670, 444, 46]
	Picking next dimension...
100%|████████████████████████████████████████████████████████████████████████████████████████████████| 976/976 [03:08<00:00,  5.18it/s]
	Selected dimension: 962
	Iteration results: {'mi': -0.5103170590728281, 'accuracy': 0.34413254928066866}

Iteration #49
	Dimensions selected so far: [147, 1005, 657, 67, 854, 58, 786, 734, 619, 656, 537, 95, 727, 342, 190, 471, 603, 37, 770, 903, 273, 732, 22, 818, 558, 533, 655, 879, 585, 868, 832, 776, 456, 398, 897, 797, 51, 646, 97, 310, 629, 952, 783, 472, 924, 670, 444, 46, 962]
	Picking next dimension...
100%|████████████████████████████████████████████████████████████████████████████████████████████████| 975/975 [02:56<00:00,  5.51it/s]
	Selected dimension: 312
	Iteration results: {'mi': -0.47676507739540763, 'accuracy': 0.3629202263397315}


