(multilingual-typology-probing) [landonia02]s2308470: python run.py --language UD_English --attribute Finiteness --trainer poisson --gpu --embedding bert-base-multilingual-cased greedy --selection-size 50 --selection-criterion mi
Setting up datasets (['UD_English'], Finiteness) and probes...
100%|█████████████████████████████████████████████████████████████████████████████| 182064/182064 [00:07<00:00, 24745.10it/s]
100%|███████████████████████████████████████████████████████████████████████████████| 33754/33754 [00:00<00:00, 41526.45it/s]
100%|███████████████████████████████████████████████████████████████████████████████| 39011/39011 [00:01<00:00, 36086.53it/s]
/home/s2308470/multilingual-typology-probing/utils/setup.py:134: UserWarning: Not enough classes to run experiment. This attribute has 1 classes with at least 20 examples across all splits (need at least 2). Skipping...
  warnings.warn(f"Not enough classes to run experiment. This attribute has {len(property_value_list)}"
(multilingual-typology-probing) [landonia02]s2308470: python run.py --language UD_English --attribute POS --trainer poisson --gpu --embedding bert-base-multilingual-cased greedy --selection-size 50 --selection-criterion mi
Setting up datasets (['UD_English'], POS) and probes...
100%|█████████████████████████████████████████████████████████████████████████████| 182064/182064 [00:07<00:00, 23524.36it/s]
100%|███████████████████████████████████████████████████████████████████████████████| 33754/33754 [00:00<00:00, 37773.07it/s]
100%|███████████████████████████████████████████████████████████████████████████████| 39011/39011 [00:01<00:00, 33897.30it/s]
Embedding dimensionality: 768
Pre-training probe (if possible)...
Total dataset size: 149117
Actual train dataset size: 134205
Early stopping dataset size: 14912
Training flexible neural probe:   1%| | 73/5000 [07:36<8:33:06,  6.25s/it, epochs_no_improve=49, loss_true=-4.91, temperatureEarly stopping!
Probing through greedy dimension selection...                                                                                
Iteration #0
	Dimensions selected so far: []
	Picking next dimension...
100%|██████████████████████████████████████████████████████████████████████████████████████| 768/768 [04:33<00:00,  2.81it/s]
	Selected dimension: 415
	Iteration results: {'mi': -0.9164796268031409, 'accuracy': 0.1368186534822682}

Iteration #1
	Dimensions selected so far: [415]
	Picking next dimension...
100%|██████████████████████████████████████████████████████████████████████████████████████| 767/767 [04:34<00:00,  2.79it/s]
	Selected dimension: 721
	Iteration results: {'mi': -0.8413499581044539, 'accuracy': 0.1368186534822682}

Iteration #2
	Dimensions selected so far: [415, 721]
	Picking next dimension...
100%|██████████████████████████████████████████████████████████████████████████████████████| 766/766 [04:35<00:00,  2.78it/s]
	Selected dimension: 535
	Iteration results: {'mi': -0.7975985582805799, 'accuracy': 0.1368186534822682}

Iteration #3
	Dimensions selected so far: [415, 721, 535]
	Picking next dimension...
100%|██████████████████████████████████████████████████████████████████████████████████████| 765/765 [04:35<00:00,  2.77it/s]
	Selected dimension: 100
	Iteration results: {'mi': -0.7857682080850776, 'accuracy': 0.1368186534822682}

Iteration #4
	Dimensions selected so far: [415, 721, 535, 100]
	Picking next dimension...
100%|██████████████████████████████████████████████████████████████████████████████████████| 764/764 [04:37<00:00,  2.75it/s]
	Selected dimension: 516
	Iteration results: {'mi': -0.7248706974677757, 'accuracy': 0.1368186534822682}

Iteration #5
	Dimensions selected so far: [415, 721, 535, 100, 516]
	Picking next dimension...
100%|██████████████████████████████████████████████████████████████████████████████████████| 763/763 [04:36<00:00,  2.76it/s]
	Selected dimension: 579
	Iteration results: {'mi': -0.6847624098391369, 'accuracy': 0.13684917292315205}

Iteration #6
	Dimensions selected so far: [415, 721, 535, 100, 516, 579]
	Picking next dimension...
100%|██████████████████████████████████████████████████████████████████████████████████████| 762/762 [04:31<00:00,  2.81it/s]
	Selected dimension: 401
	Iteration results: {'mi': -0.6548639416965346, 'accuracy': 0.13684917292315205}

Iteration #7
	Dimensions selected so far: [415, 721, 535, 100, 516, 579, 401]
	Picking next dimension...
100%|██████████████████████████████████████████████████████████████████████████████████████| 761/761 [04:31<00:00,  2.81it/s]
	Selected dimension: 609
	Iteration results: {'mi': -0.6077789623940939, 'accuracy': 0.1380089116767381}

Iteration #8
	Dimensions selected so far: [415, 721, 535, 100, 516, 579, 401, 609]
	Picking next dimension...
100%|██████████████████████████████████████████████████████████████████████████████████████| 760/760 [04:34<00:00,  2.77it/s]
	Selected dimension: 392
	Iteration results: {'mi': -0.6064304933665893, 'accuracy': 0.13797839223585423}

Iteration #9
	Dimensions selected so far: [415, 721, 535, 100, 516, 579, 401, 609, 392]
	Picking next dimension...
100%|██████████████████████████████████████████████████████████████████████████████████████| 759/759 [04:48<00:00,  2.63it/s]
	Selected dimension: 50
	Iteration results: {'mi': -0.5983759296813924, 'accuracy': 0.13776475614966735}

Iteration #10
	Dimensions selected so far: [415, 721, 535, 100, 516, 579, 401, 609, 392, 50]
	Picking next dimension...
100%|██████████████████████████████████████████████████████████████████████████████████████| 758/758 [05:08<00:00,  2.46it/s]
	Selected dimension: 451
	Iteration results: {'mi': -0.5538665652792414, 'accuracy': 0.13852774217176342}

Iteration #11
	Dimensions selected so far: [415, 721, 535, 100, 516, 579, 401, 609, 392, 50, 451]
	Picking next dimension...
100%|██████████████████████████████████████████████████████████████████████████████████████| 757/757 [04:57<00:00,  2.55it/s]
	Selected dimension: 38
	Iteration results: {'mi': -0.5263948043420019, 'accuracy': 0.13868033937618263}

Iteration #12
	Dimensions selected so far: [415, 721, 535, 100, 516, 579, 401, 609, 392, 50, 451, 38]
	Picking next dimension...
100%|██████████████████████████████████████████████████████████████████████████████████████| 756/756 [04:57<00:00,  2.54it/s]
	Selected dimension: 421
	Iteration results: {'mi': -0.4957692516594967, 'accuracy': 0.1408472196789355}

Iteration #13
	Dimensions selected so far: [415, 721, 535, 100, 516, 579, 401, 609, 392, 50, 451, 38, 421]
	Picking next dimension...
100%|██████████████████████████████████████████████████████████████████████████████████████| 755/755 [04:59<00:00,  2.52it/s]
	Selected dimension: 697
	Iteration results: {'mi': -0.45790471006024025, 'accuracy': 0.14161020570103156}

Iteration #14
	Dimensions selected so far: [415, 721, 535, 100, 516, 579, 401, 609, 392, 50, 451, 38, 421, 697]
	Picking next dimension...
100%|██████████████████████████████████████████████████████████████████████████████████████| 754/754 [04:58<00:00,  2.52it/s]
	Selected dimension: 305
	Iteration results: {'mi': -0.47396440495813785, 'accuracy': 0.1408472196789355}

Iteration #15
	Dimensions selected so far: [415, 721, 535, 100, 516, 579, 401, 609, 392, 50, 451, 38, 421, 697, 305]
	Picking next dimension...
100%|██████████████████████████████████████████████████████████████████████████████████████| 753/753 [04:57<00:00,  2.53it/s]
	Selected dimension: 710
	Iteration results: {'mi': -0.45119287879462877, 'accuracy': 0.14191540010987}

Iteration #16
	Dimensions selected so far: [415, 721, 535, 100, 516, 579, 401, 609, 392, 50, 451, 38, 421, 697, 305, 710]
	Picking next dimension...
100%|██████████████████████████████████████████████████████████████████████████████████████| 752/752 [04:53<00:00,  2.56it/s]
	Selected dimension: 635
	Iteration results: {'mi': -0.344605971320622, 'accuracy': 0.14423487761704207}

Iteration #17
	Dimensions selected so far: [415, 721, 535, 100, 516, 579, 401, 609, 392, 50, 451, 38, 421, 697, 305, 710, 635]
	Picking next dimension...
100%|██████████████████████████████████████████████████████████████████████████████████████| 751/751 [04:53<00:00,  2.56it/s]
	Selected dimension: 349
	Iteration results: {'mi': -0.34042947664437717, 'accuracy': 0.14429591649880974}

Iteration #18
	Dimensions selected so far: [415, 721, 535, 100, 516, 579, 401, 609, 392, 50, 451, 38, 421, 697, 305, 710, 635, 349]
	Picking next dimension...
100%|██████████████████████████████████████████████████████████████████████████████████████| 750/750 [04:54<00:00,  2.55it/s]
	Selected dimension: 53
	Iteration results: {'mi': -0.23481217796422427, 'accuracy': 0.15693096502472076}

Iteration #19
	Dimensions selected so far: [415, 721, 535, 100, 516, 579, 401, 609, 392, 50, 451, 38, 421, 697, 305, 710, 635, 349, 53]
	Picking next dimension...
100%|██████████████████████████████████████████████████████████████████████████████████████| 749/749 [04:53<00:00,  2.55it/s]
	Selected dimension: 765
	Iteration results: {'mi': -0.22922106018617114, 'accuracy': 0.1612952450711103}

Iteration #20
	Dimensions selected so far: [415, 721, 535, 100, 516, 579, 401, 609, 392, 50, 451, 38, 421, 697, 305, 710, 635, 349, 53, 765]
	Picking next dimension...
100%|██████████████████████████████████████████████████████████████████████████████████████| 748/748 [04:51<00:00,  2.57it/s]
	Selected dimension: 626
	Iteration results: {'mi': -0.2427881379153777, 'accuracy': 0.16007446743575657}

Iteration #21
	Dimensions selected so far: [415, 721, 535, 100, 516, 579, 401, 609, 392, 50, 451, 38, 421, 697, 305, 710, 635, 349, 53, 765, 626]
	Picking next dimension...
100%|██████████████████████████████████████████████████████████████████████████████████████| 747/747 [04:52<00:00,  2.55it/s]
	Selected dimension: 509
	Iteration results: {'mi': -0.16193663001136938, 'accuracy': 0.18174327046328512}

Iteration #22
	Dimensions selected so far: [415, 721, 535, 100, 516, 579, 401, 609, 392, 50, 451, 38, 421, 697, 305, 710, 635, 349, 53, 765, 626, 509]
	Picking next dimension...
100%|██████████████████████████████████████████████████████████████████████████████████████| 746/746 [04:51<00:00,  2.56it/s]
	Selected dimension: 499
	Iteration results: {'mi': -0.1313983470025307, 'accuracy': 0.1981932490996765}

Iteration #23
	Dimensions selected so far: [415, 721, 535, 100, 516, 579, 401, 609, 392, 50, 451, 38, 421, 697, 305, 710, 635, 349, 53, 765, 626, 509, 499]
	Picking next dimension...
100%|██████████████████████████████████████████████████████████████████████████████████████| 745/745 [04:50<00:00,  2.57it/s]
	Selected dimension: 39
	Iteration results: {'mi': -0.026111818693896324, 'accuracy': 0.2602087529756455}

Iteration #24
	Dimensions selected so far: [415, 721, 535, 100, 516, 579, 401, 609, 392, 50, 451, 38, 421, 697, 305, 710, 635, 349, 53, 765, 626, 509, 499, 39]
	Picking next dimension...
100%|██████████████████████████████████████████████████████████████████████████████████████| 744/744 [04:51<00:00,  2.55it/s]
	Selected dimension: 594
	Iteration results: {'mi': -0.006247043968658503, 'accuracy': 0.26915094915461146}

Iteration #25
	Dimensions selected so far: [415, 721, 535, 100, 516, 579, 401, 609, 392, 50, 451, 38, 421, 697, 305, 710, 635, 349, 53, 765, 626, 509, 499, 39, 594]
	Picking next dimension...
100%|██████████████████████████████████████████████████████████████████████████████████████| 743/743 [04:49<00:00,  2.57it/s]
	Selected dimension: 692
	Iteration results: {'mi': 0.008055173962635255, 'accuracy': 0.2816334004761033}

Iteration #26
	Dimensions selected so far: [415, 721, 535, 100, 516, 579, 401, 609, 392, 50, 451, 38, 421, 697, 305, 710, 635, 349, 53, 765, 626, 509, 499, 39, 594, 692]
	Picking next dimension...
100%|██████████████████████████████████████████████████████████████████████████████████████| 742/742 [04:49<00:00,  2.56it/s]
	Selected dimension: 729
	Iteration results: {'mi': 0.01930362462078897, 'accuracy': 0.29860220960752}

Iteration #27
	Dimensions selected so far: [415, 721, 535, 100, 516, 579, 401, 609, 392, 50, 451, 38, 421, 697, 305, 710, 635, 349, 53, 765, 626, 509, 499, 39, 594, 692, 729]
	Picking next dimension...
100%|██████████████████████████████████████████████████████████████████████████████████████| 741/741 [04:49<00:00,  2.56it/s]
	Selected dimension: 218
	Iteration results: {'mi': 0.009610038819747879, 'accuracy': 0.28343404748825}

Iteration #28
	Dimensions selected so far: [415, 721, 535, 100, 516, 579, 401, 609, 392, 50, 451, 38, 421, 697, 305, 710, 635, 349, 53, 765, 626, 509, 499, 39, 594, 692, 729, 218]
	Picking next dimension...
100%|██████████████████████████████████████████████████████████████████████████████████████| 740/740 [04:49<00:00,  2.55it/s]
	Selected dimension: 746
	Iteration results: {'mi': 0.13278526350864375, 'accuracy': 0.3827443081242752}

Iteration #29
	Dimensions selected so far: [415, 721, 535, 100, 516, 579, 401, 609, 392, 50, 451, 38, 421, 697, 305, 710, 635, 349, 53, 765, 626, 509, 499, 39, 594, 692, 729, 218, 746]
	Picking next dimension...
100%|██████████████████████████████████████████████████████████████████████████████████████| 739/739 [04:48<00:00,  2.56it/s]
	Selected dimension: 477
	Iteration results: {'mi': 0.14492758753056728, 'accuracy': 0.3978819508026613}

Iteration #30
	Dimensions selected so far: [415, 721, 535, 100, 516, 579, 401, 609, 392, 50, 451, 38, 421, 697, 305, 710, 635, 349, 53, 765, 626, 509, 499, 39, 594, 692, 729, 218, 746, 477]
	Picking next dimension...
100%|██████████████████████████████████████████████████████████████████████████████████████| 738/738 [04:49<00:00,  2.55it/s]
	Selected dimension: 584
	Iteration results: {'mi': 0.16723469256358647, 'accuracy': 0.41744491240920467}

Iteration #31
	Dimensions selected so far: [415, 721, 535, 100, 516, 579, 401, 609, 392, 50, 451, 38, 421, 697, 305, 710, 635, 349, 53, 765, 626, 509, 499, 39, 594, 692, 729, 218, 746, 477, 584]
	Picking next dimension...
100%|██████████████████████████████████████████████████████████████████████████████████████| 737/737 [04:48<00:00,  2.56it/s]
	Selected dimension: 279
	Iteration results: {'mi': 0.16240056291990906, 'accuracy': 0.41253128242690595}

Iteration #32
	Dimensions selected so far: [415, 721, 535, 100, 516, 579, 401, 609, 392, 50, 451, 38, 421, 697, 305, 710, 635, 349, 53, 765, 626, 509, 499, 39, 594, 692, 729, 218, 746, 477, 584, 279]
	Picking next dimension...
100%|██████████████████████████████████████████████████████████████████████████████████████| 736/736 [04:47<00:00,  2.56it/s]
	Selected dimension: 598
	Iteration results: {'mi': 0.16385412172227617, 'accuracy': 0.41579686260147714}

Iteration #33
	Dimensions selected so far: [415, 721, 535, 100, 516, 579, 401, 609, 392, 50, 451, 38, 421, 697, 305, 710, 635, 349, 53, 765, 626, 509, 499, 39, 594, 692, 729, 218, 746, 477, 584, 279, 598]
	Picking next dimension...
100%|██████████████████████████████████████████████████████████████████████████████████████| 735/735 [04:47<00:00,  2.56it/s]
	Selected dimension: 378
	Iteration results: {'mi': 0.18342230161253606, 'accuracy': 0.43441372154062136}

Iteration #34
	Dimensions selected so far: [415, 721, 535, 100, 516, 579, 401, 609, 392, 50, 451, 38, 421, 697, 305, 710, 635, 349, 53, 765, 626, 509, 499, 39, 594, 692, 729, 218, 746, 477, 584, 279, 598, 378]
	Picking next dimension...
100%|██████████████████████████████████████████████████████████████████████████████████████| 734/734 [04:48<00:00,  2.55it/s]
	Selected dimension: 434
	Iteration results: {'mi': 0.186232873326543, 'accuracy': 0.4366721601660258}

Iteration #35
	Dimensions selected so far: [415, 721, 535, 100, 516, 579, 401, 609, 392, 50, 451, 38, 421, 697, 305, 710, 635, 349, 53, 765, 626, 509, 499, 39, 594, 692, 729, 218, 746, 477, 584, 279, 598, 378, 434]
	Picking next dimension...
100%|██████████████████████████████████████████████████████████████████████████████████████| 733/733 [04:46<00:00,  2.56it/s]
	Selected dimension: 455
	Iteration results: {'mi': 0.2237713436905552, 'accuracy': 0.46365134590734297}

Iteration #36
	Dimensions selected so far: [415, 721, 535, 100, 516, 579, 401, 609, 392, 50, 451, 38, 421, 697, 305, 710, 635, 349, 53, 765, 626, 509, 499, 39, 594, 692, 729, 218, 746, 477, 584, 279, 598, 378, 434, 455]
	Picking next dimension...
100%|██████████████████████████████████████████████████████████████████████████████████████| 732/732 [04:46<00:00,  2.56it/s]
	Selected dimension: 82
	Iteration results: {'mi': 0.22984793717071725, 'accuracy': 0.46874809253494476}

Iteration #37
	Dimensions selected so far: [415, 721, 535, 100, 516, 579, 401, 609, 392, 50, 451, 38, 421, 697, 305, 710, 635, 349, 53, 765, 626, 509, 499, 39, 594, 692, 729, 218, 746, 477, 584, 279, 598, 378, 434, 455, 82]
	Picking next dimension...
100%|██████████████████████████████████████████████████████████████████████████████████████| 731/731 [04:47<00:00,  2.55it/s]
	Selected dimension: 297
	Iteration results: {'mi': 0.23808204447824038, 'accuracy': 0.4671000427272172}

Iteration #38
	Dimensions selected so far: [415, 721, 535, 100, 516, 579, 401, 609, 392, 50, 451, 38, 421, 697, 305, 710, 635, 349, 53, 765, 626, 509, 499, 39, 594, 692, 729, 218, 746, 477, 584, 279, 598, 378, 434, 455, 82, 297]
	Picking next dimension...
100%|██████████████████████████████████████████████████████████████████████████████████████| 730/730 [04:47<00:00,  2.54it/s]
	Selected dimension: 91
	Iteration results: {'mi': 0.2540156560574003, 'accuracy': 0.47866691082219376}

Iteration #39
	Dimensions selected so far: [415, 721, 535, 100, 516, 579, 401, 609, 392, 50, 451, 38, 421, 697, 305, 710, 635, 349, 53, 765, 626, 509, 499, 39, 594, 692, 729, 218, 746, 477, 584, 279, 598, 378, 434, 455, 82, 297, 91]
	Picking next dimension...
100%|██████████████████████████████████████████████████████████████████████████████████████| 729/729 [04:46<00:00,  2.55it/s]
	Selected dimension: 267
	Iteration results: {'mi': 0.2539339399084217, 'accuracy': 0.47866691082219376}

Iteration #40
	Dimensions selected so far: [415, 721, 535, 100, 516, 579, 401, 609, 392, 50, 451, 38, 421, 697, 305, 710, 635, 349, 53, 765, 626, 509, 499, 39, 594, 692, 729, 218, 746, 477, 584, 279, 598, 378, 434, 455, 82, 297, 91, 267]
	Picking next dimension...
100%|██████████████████████████████████████████████████████████████████████████████████████| 728/728 [04:45<00:00,  2.55it/s]
	Selected dimension: 17
	Iteration results: {'mi': 0.27833252674998593, 'accuracy': 0.5029603857657328}

Iteration #41
	Dimensions selected so far: [415, 721, 535, 100, 516, 579, 401, 609, 392, 50, 451, 38, 421, 697, 305, 710, 635, 349, 53, 765, 626, 509, 499, 39, 594, 692, 729, 218, 746, 477, 584, 279, 598, 378, 434, 455, 82, 297, 91, 267, 17]
	Picking next dimension...
100%|██████████████████████████████████████████████████████████████████████████████████████| 727/727 [04:46<00:00,  2.54it/s]
	Selected dimension: 718
	Iteration results: {'mi': 0.30754614155141075, 'accuracy': 0.5368674845876824}

Iteration #42
	Dimensions selected so far: [415, 721, 535, 100, 516, 579, 401, 609, 392, 50, 451, 38, 421, 697, 305, 710, 635, 349, 53, 765, 626, 509, 499, 39, 594, 692, 729, 218, 746, 477, 584, 279, 598, 378, 434, 455, 82, 297, 91, 267, 17, 718]
	Picking next dimension...
100%|██████████████████████████████████████████████████████████████████████████████████████| 726/726 [04:48<00:00,  2.52it/s]
	Selected dimension: 321
	Iteration results: {'mi': 0.2950815300143599, 'accuracy': 0.532472685100409}

Iteration #43
	Dimensions selected so far: [415, 721, 535, 100, 516, 579, 401, 609, 392, 50, 451, 38, 421, 697, 305, 710, 635, 349, 53, 765, 626, 509, 499, 39, 594, 692, 729, 218, 746, 477, 584, 279, 598, 378, 434, 455, 82, 297, 91, 267, 17, 718, 321]
	Picking next dimension...
100%|██████████████████████████████████████████████████████████████████████████████████████| 725/725 [04:44<00:00,  2.55it/s]
	Selected dimension: 387
	Iteration results: {'mi': 0.3250147229431972, 'accuracy': 0.5627174510162973}

Iteration #44
	Dimensions selected so far: [415, 721, 535, 100, 516, 579, 401, 609, 392, 50, 451, 38, 421, 697, 305, 710, 635, 349, 53, 765, 626, 509, 499, 39, 594, 692, 729, 218, 746, 477, 584, 279, 598, 378, 434, 455, 82, 297, 91, 267, 17, 718, 321, 387]
	Picking next dimension...
100%|██████████████████████████████████████████████████████████████████████████████████████| 724/724 [04:44<00:00,  2.55it/s]
	Selected dimension: 110
	Iteration results: {'mi': 0.32886655002230564, 'accuracy': 0.5637551120063481}

Iteration #45
	Dimensions selected so far: [415, 721, 535, 100, 516, 579, 401, 609, 392, 50, 451, 38, 421, 697, 305, 710, 635, 349, 53, 765, 626, 509, 499, 39, 594, 692, 729, 218, 746, 477, 584, 279, 598, 378, 434, 455, 82, 297, 91, 267, 17, 718, 321, 387, 110]
	Picking next dimension...
100%|██████████████████████████████████████████████████████████████████████████████████████| 723/723 [04:44<00:00,  2.54it/s]
	Selected dimension: 214
	Iteration results: {'mi': 0.3318677113802706, 'accuracy': 0.5672038088262223}

Iteration #46
	Dimensions selected so far: [415, 721, 535, 100, 516, 579, 401, 609, 392, 50, 451, 38, 421, 697, 305, 710, 635, 349, 53, 765, 626, 509, 499, 39, 594, 692, 729, 218, 746, 477, 584, 279, 598, 378, 434, 455, 82, 297, 91, 267, 17, 718, 321, 387, 110, 214]
	Picking next dimension...
100%|██████████████████████████████████████████████████████████████████████████████████████| 722/722 [04:47<00:00,  2.51it/s]
	Selected dimension: 55
	Iteration results: {'mi': 0.3375453664990642, 'accuracy': 0.5718732832814503}

Iteration #47
	Dimensions selected so far: [415, 721, 535, 100, 516, 579, 401, 609, 392, 50, 451, 38, 421, 697, 305, 710, 635, 349, 53, 765, 626, 509, 499, 39, 594, 692, 729, 218, 746, 477, 584, 279, 598, 378, 434, 455, 82, 297, 91, 267, 17, 718, 321, 387, 110, 214, 55]
	Picking next dimension...
100%|██████████████████████████████████████████████████████████████████████████████████████| 721/721 [04:44<00:00,  2.54it/s]
	Selected dimension: 211
	Iteration results: {'mi': 0.33852589925906224, 'accuracy': 0.5725752304217787}

Iteration #48
	Dimensions selected so far: [415, 721, 535, 100, 516, 579, 401, 609, 392, 50, 451, 38, 421, 697, 305, 710, 635, 349, 53, 765, 626, 509, 499, 39, 594, 692, 729, 218, 746, 477, 584, 279, 598, 378, 434, 455, 82, 297, 91, 267, 17, 718, 321, 387, 110, 214, 55, 211]
	Picking next dimension...
100%|██████████████████████████████████████████████████████████████████████████████████████| 720/720 [04:42<00:00,  2.55it/s]
	Selected dimension: 575
	Iteration results: {'mi': 0.3415843656684766, 'accuracy': 0.5754745773057438}

Iteration #49
	Dimensions selected so far: [415, 721, 535, 100, 516, 579, 401, 609, 392, 50, 451, 38, 421, 697, 305, 710, 635, 349, 53, 765, 626, 509, 499, 39, 594, 692, 729, 218, 746, 477, 584, 279, 598, 378, 434, 455, 82, 297, 91, 267, 17, 718, 321, 387, 110, 214, 55, 211, 575]
	Picking next dimension...
100%|██████████████████████████████████████████████████████████████████████████████████████| 719/719 [04:43<00:00,  2.53it/s]
	Selected dimension: 393
	Iteration results: {'mi': 0.3567634912507575, 'accuracy': 0.5900628700482207}


