now processing task id: 11
CORPUS: UD_Tamil
python preprocess_treebank.py UD_Tamil --experiment-name inter-layer-17 --treebanks-root /home/s2308470/multilingual-typology-probing/data/ud/ud-treebanks-v2.1 --bloom bloom-1b7 --checkpoint 1000 --inter-layer 17 --use-gpu
Embeddings root: embeddings
Using GPU
0it [00:00, ?it/s]19it [00:00, 186.14it/s]58it [00:00, 302.56it/s]104it [00:00, 373.12it/s]120it [00:00, 355.05it/s]
0it [00:00, ?it/s]32it [00:00, 316.51it/s]72it [00:00, 362.84it/s]119it [00:00, 409.07it/s]168it [00:00, 438.26it/s]212it [00:00, 427.62it/s]255it [00:00, 418.94it/s]307it [00:00, 449.59it/s]359it [00:00, 469.95it/s]400it [00:00, 434.25it/s]
0it [00:00, ?it/s]35it [00:00, 344.41it/s]80it [00:00, 404.95it/s]
Skipped:
{'total_sents': 600}

Total: 0
Using model bloom-1b7-intermediate-global_step1000...
Processing UD_Tamil...
Traceback (most recent call last):
  File "preprocess_treebank.py", line 374, in <module>
    model = BloomModel.from_pretrained(bloom_model, 
  File "/home/s2308470/miniconda3/envs/multilingual-typology-probing/lib/python3.8/site-packages/transformers/modeling_utils.py", line 1878, in to
    return super().to(*args, **kwargs)
  File "/home/s2308470/miniconda3/envs/multilingual-typology-probing/lib/python3.8/site-packages/torch/nn/modules/module.py", line 1145, in to
    return self._apply(convert)
  File "/home/s2308470/miniconda3/envs/multilingual-typology-probing/lib/python3.8/site-packages/torch/nn/modules/module.py", line 797, in _apply
    module._apply(fn)
  File "/home/s2308470/miniconda3/envs/multilingual-typology-probing/lib/python3.8/site-packages/torch/nn/modules/module.py", line 797, in _apply
    module._apply(fn)
  File "/home/s2308470/miniconda3/envs/multilingual-typology-probing/lib/python3.8/site-packages/torch/nn/modules/module.py", line 797, in _apply
    module._apply(fn)
  [Previous line repeated 1 more time]
  File "/home/s2308470/miniconda3/envs/multilingual-typology-probing/lib/python3.8/site-packages/torch/nn/modules/module.py", line 820, in _apply
    param_applied = fn(param)
  File "/home/s2308470/miniconda3/envs/multilingual-typology-probing/lib/python3.8/site-packages/torch/nn/modules/module.py", line 1143, in convert
    return t.to(device, dtype if t.is_floating_point() or t.is_complex() else None, non_blocking)
torch.cuda.OutOfMemoryError: CUDA out of memory. Tried to allocate 64.00 MiB (GPU 0; 5.94 GiB total capacity; 5.79 GiB already allocated; 35.31 MiB free; 5.79 GiB reserved in total by PyTorch) If reserved memory is >> allocated memory try setting max_split_size_mb to avoid fragmentation.  See documentation for Memory Management and PYTORCH_CUDA_ALLOC_CONF
